
CACHE_NUM_SETS (4096 * 4)
CACHE_WAYS 4
1M
threads              1         2         4         8        16        32        64
Average           2373      4180      6966     11309     15421     18134     20148
	Run#1             2407      4213      7086     11387     15215     17790     20409
	Run#2             2364      4172      7038     11152     16016     18021     19643
	Run#3             2372      4193      7026     12034     15366     18183     20226
	Run#4             2357      4233      6969     11679     15100     18002     20353
	Run#5             2374      4206      7022     10590     16225     17884     20390
	Run#6             2388      4180      6876     11062     15105     18289     20146
	Run#7             2363      4171      6868     11814     15764     18260     19743
	Run#8             2380      4133      6956     11108     14424     18612     20135
	Run#9             2349      4175      6984     11343     15322     18626     20165
	Run#10            2371      4120      6830     10919     15677     17672     20267
--

CACHE_NUM_SETS (4096 * 2)
CACHE_WAYS 4
Almost same as SETS (4096 * 4) * WAYS 2
1M
threads              1         2         4         8        16        32        64
Average           2286      3893      6142      9644     12004     13596     14879
	Run#1             2318      3870      6177      9567     12045     13403     14998
	Run#2             2312      3903      6135      9387     12056     13891     14749
	Run#3             2258      3900      6174     10010     12215     13628     15085
	Run#4             2282      3888      6163      9734     12192     13404     14879
	Run#5             2283      3844      6111      9897     11787     13801     14703
	Run#6             2272      3910      6078      9772     11910     13312     14935
	Run#7             2294      3941      6146      9851     11934     13623     14672
	Run#8             2265      3927      6183      9195     11994     13711     14805
	Run#9             2295      3860      6029     10030     11922     13758     15085
	Run#10            2279      3888      6224      8994     11983     13429     14879
